<?xml version="1.0" encoding="UTF-8"?>
<!-- Generated by org.testng.reporters.JUnitReportReporter -->
<testsuite hostname="DESKTOP-CQ5J57P" failures="0" tests="1" name="pak2.Dayy2" time="1.180" errors="0" timestamp="2020-12-21T22:05:12 EST" skipped="0">
  <testcase classname="pak2.Dayy2" name="OpenSignInPage" time="1.180"/>
  <system-out/>
</testsuite> <!-- pak2.Dayy2 -->
